[debug] [2020-12-28T19:19:14.477Z] ----------------------------------------------------------------------
[debug] [2020-12-28T19:19:14.479Z] Command:       /usr/bin/node /usr/bin/firebase emulators:start
[debug] [2020-12-28T19:19:14.479Z] CLI Version:   9.1.0
[debug] [2020-12-28T19:19:14.479Z] Platform:      linux
[debug] [2020-12-28T19:19:14.479Z] Node Version:  v15.5.0
[debug] [2020-12-28T19:19:14.481Z] Time:          Mon Dec 28 2020 14:19:14 GMT-0500 (Colombia Standard Time)
[debug] [2020-12-28T19:19:14.481Z] ----------------------------------------------------------------------
[debug] [2020-12-28T19:19:14.481Z] 
[debug] [2020-12-28T19:19:14.488Z] > command requires scopes: ["email","openid","https://www.googleapis.com/auth/cloudplatformprojects.readonly","https://www.googleapis.com/auth/firebase","https://www.googleapis.com/auth/cloud-platform"]
[debug] [2020-12-28T19:19:14.489Z] > authorizing via signed-in user
[info] i  emulators: Starting emulators: functions, hosting {"metadata":{"emulator":{"name":"hub"},"message":"Starting emulators: functions, hosting"}}
[debug] [2020-12-28T19:19:14.509Z] [hub] writing locator at /tmp/hub-clone-ts.json
[warn] ⚠  functions: The following emulators are not running, calls to these services from the Functions emulator will affect production: auth, firestore, database, pubsub {"metadata":{"emulator":{"name":"functions"},"message":"The following emulators are not running, calls to these services from the Functions emulator will affect production: \u001b[1mauth, firestore, database, pubsub\u001b[22m"}}
[info] ✔  functions: Using node@15 from host. {"metadata":{"emulator":{"name":"functions"},"message":"Using node@15 from host."}}
[debug] [2020-12-28T19:19:14.540Z] defaultcredentials: writing to file /home/hector/.config/firebase/hectorvmlopez_gmail_com_application_default_credentials.json
[debug] [2020-12-28T19:19:14.543Z] Setting GAC to /home/hector/.config/firebase/hectorvmlopez_gmail_com_application_default_credentials.json {"metadata":{"emulator":{"name":"functions"},"message":"Setting GAC to /home/hector/.config/firebase/hectorvmlopez_gmail_com_application_default_credentials.json"}}
[debug] [2020-12-28T19:19:14.550Z] > refreshing access token with scopes: ["email","https://www.googleapis.com/auth/cloud-platform","https://www.googleapis.com/auth/cloudplatformprojects.readonly","https://www.googleapis.com/auth/firebase","openid"]
[debug] [2020-12-28T19:19:14.551Z] >>> HTTP REQUEST POST https://www.googleapis.com/oauth2/v3/token  
 <request body omitted>
[debug] [2020-12-28T19:19:14.978Z] <<< HTTP RESPONSE 200 {"expires":"Mon, 01 Jan 1990 00:00:00 GMT","cache-control":"no-cache, no-store, max-age=0, must-revalidate","pragma":"no-cache","date":"Mon, 28 Dec 2020 19:19:15 GMT","content-type":"application/json; charset=utf-8","vary":"X-Origin, Referer, Origin,Accept-Encoding","server":"scaffolding on HTTPServer2","x-xss-protection":"0","x-frame-options":"SAMEORIGIN","x-content-type-options":"nosniff","alt-svc":"h3-29=\":443\"; ma=2592000,h3-T051=\":443\"; ma=2592000,h3-Q050=\":443\"; ma=2592000,h3-Q046=\":443\"; ma=2592000,h3-Q043=\":443\"; ma=2592000,quic=\":443\"; ma=2592000; v=\"46,43\"","accept-ranges":"none","transfer-encoding":"chunked"}
[debug] [2020-12-28T19:19:14.983Z] >>> HTTP REQUEST GET https://firebase.googleapis.com/v1beta1/projects/clone-ts/webApps/-/config  
 
[debug] [2020-12-28T19:19:15.805Z] <<< HTTP RESPONSE 200 {"content-type":"application/json; charset=UTF-8","vary":"X-Origin, Referer, Origin,Accept-Encoding","date":"Mon, 28 Dec 2020 19:19:16 GMT","server":"ESF","cache-control":"private","x-xss-protection":"0","x-frame-options":"SAMEORIGIN","x-content-type-options":"nosniff","alt-svc":"h3-29=\":443\"; ma=2592000,h3-T051=\":443\"; ma=2592000,h3-Q050=\":443\"; ma=2592000,h3-Q046=\":443\"; ma=2592000,h3-Q043=\":443\"; ma=2592000,quic=\":443\"; ma=2592000; v=\"46,43\"","accept-ranges":"none","transfer-encoding":"chunked"}
[info] i  hosting: Serving hosting files from: build {"metadata":{"emulator":{"name":"hosting"},"message":"Serving hosting files from: \u001b[1mbuild\u001b[22m"}}
[info] ✔  hosting: Local server: http://127.0.0.1:5000 {"metadata":{"emulator":{"name":"hosting"},"message":"Local server: \u001b[4m\u001b[1mhttp://127.0.0.1:5000\u001b[22m\u001b[24m"}}
[debug] [2020-12-28T19:19:15.827Z] Ignoring unsupported arg: auto_download {"metadata":{"emulator":{"name":"ui"},"message":"Ignoring unsupported arg: auto_download"}}
[debug] [2020-12-28T19:19:15.827Z] Ignoring unsupported arg: port {"metadata":{"emulator":{"name":"ui"},"message":"Ignoring unsupported arg: port"}}
[debug] [2020-12-28T19:19:15.827Z] Starting Emulator UI with command {"binary":"node","args":["/home/hector/.cache/firebase/emulators/ui-v1.4.1/server.bundle.js"],"optionalArgs":[],"joinArgs":false} {"metadata":{"emulator":{"name":"ui"},"message":"Starting Emulator UI with command {\"binary\":\"node\",\"args\":[\"/home/hector/.cache/firebase/emulators/ui-v1.4.1/server.bundle.js\"],\"optionalArgs\":[],\"joinArgs\":false}"}}
[info] i  ui: Emulator UI logging to ui-debug.log {"metadata":{"emulator":{"name":"ui"},"message":"Emulator UI logging to \u001b[1mui-debug.log\u001b[22m"}}
[debug] [2020-12-28T19:19:15.911Z] Web / API server started at http://127.0.0.1:4000
 {"metadata":{"emulator":{"name":"ui"},"message":"Web / API server started at http://127.0.0.1:4000\n"}}
[info] i  functions: Watching "/home/hector/Amazon-ts-clone-lite/functions" for Cloud Functions... {"metadata":{"emulator":{"name":"functions"},"message":"Watching \"/home/hector/Amazon-ts-clone-lite/functions\" for Cloud Functions..."}}
[debug] [2020-12-28T19:19:16.100Z] [worker-pool] addWorker(~diagnostic~) {"metadata":{"emulator":{"name":"functions"},"message":"[worker-pool] addWorker(~diagnostic~)"}}
[debug] [2020-12-28T19:19:16.100Z] [worker-pool] Adding worker with key ~diagnostic~, total=1 {"metadata":{"emulator":{"name":"functions"},"message":"[worker-pool] Adding worker with key ~diagnostic~, total=1"}}
[debug] [2020-12-28T19:19:16.100Z] [worker-pool] submitWork(triggerId=) {"metadata":{"emulator":{"name":"functions"},"message":"[worker-pool] submitWork(triggerId=)"}}
[debug] [2020-12-28T19:19:16.100Z] [worker-~diagnostic~-2265a6fb-d488-48e9-88c2-923be38783b8]: Assigning socketPath: /tmp/fire_emu_20481.sock {"metadata":{"emulator":{"name":"functions"},"message":"[worker-~diagnostic~-2265a6fb-d488-48e9-88c2-923be38783b8]: Assigning socketPath: /tmp/fire_emu_20481.sock"}}
[debug] [2020-12-28T19:19:16.101Z] [worker-~diagnostic~-2265a6fb-d488-48e9-88c2-923be38783b8]: BUSY {"metadata":{"emulator":{"name":"functions"},"message":"[worker-~diagnostic~-2265a6fb-d488-48e9-88c2-923be38783b8]: BUSY"}}
[debug] [2020-12-28T19:19:16.204Z] [runtime-status] [20481] Functions runtime initialized. {"cwd":"/home/hector/Amazon-ts-clone-lite/functions","node_version":"15.5.0"} {"metadata":{"emulator":{"name":"functions"},"message":"[runtime-status] [20481] Functions runtime initialized. {\"cwd\":\"/home/hector/Amazon-ts-clone-lite/functions\",\"node_version\":\"15.5.0\"}"}}
[debug] [2020-12-28T19:19:16.204Z] [runtime-status] [20481] Disabled runtime features: undefined {"metadata":{"emulator":{"name":"functions"},"message":"[runtime-status] [20481] Disabled runtime features: undefined"}}
[debug] [2020-12-28T19:19:16.206Z] [runtime-status] [20481] Resolved module firebase-admin {"declared":true,"installed":true,"version":"9.4.2","resolution":"/home/hector/Amazon-ts-clone-lite/functions/node_modules/firebase-admin/lib/index.js"} {"metadata":{"emulator":{"name":"functions"},"message":"[runtime-status] [20481] Resolved module firebase-admin {\"declared\":true,\"installed\":true,\"version\":\"9.4.2\",\"resolution\":\"/home/hector/Amazon-ts-clone-lite/functions/node_modules/firebase-admin/lib/index.js\"}"}}
[debug] [2020-12-28T19:19:16.208Z] [runtime-status] [20481] Resolved module firebase-functions {"declared":true,"installed":true,"version":"3.13.0","resolution":"/home/hector/Amazon-ts-clone-lite/functions/node_modules/firebase-functions/lib/index.js"} {"metadata":{"emulator":{"name":"functions"},"message":"[runtime-status] [20481] Resolved module firebase-functions {\"declared\":true,\"installed\":true,\"version\":\"3.13.0\",\"resolution\":\"/home/hector/Amazon-ts-clone-lite/functions/node_modules/firebase-functions/lib/index.js\"}"}}
[debug] [2020-12-28T19:19:16.208Z] [runtime-status] [20481] Resolved module firebase-functions {"declared":true,"installed":true,"version":"3.13.0","resolution":"/home/hector/Amazon-ts-clone-lite/functions/node_modules/firebase-functions/lib/index.js"} {"metadata":{"emulator":{"name":"functions"},"message":"[runtime-status] [20481] Resolved module firebase-functions {\"declared\":true,\"installed\":true,\"version\":\"3.13.0\",\"resolution\":\"/home/hector/Amazon-ts-clone-lite/functions/node_modules/firebase-functions/lib/index.js\"}"}}
[debug] [2020-12-28T19:19:16.210Z] [runtime-status] [20481] Outgoing network have been stubbed. [{"name":"http","status":"mocked"},{"name":"http","status":"mocked"},{"name":"https","status":"mocked"},{"name":"https","status":"mocked"},{"name":"net","status":"mocked"}] {"metadata":{"emulator":{"name":"functions"},"message":"[runtime-status] [20481] Outgoing network have been stubbed. [{\"name\":\"http\",\"status\":\"mocked\"},{\"name\":\"http\",\"status\":\"mocked\"},{\"name\":\"https\",\"status\":\"mocked\"},{\"name\":\"https\",\"status\":\"mocked\"},{\"name\":\"net\",\"status\":\"mocked\"}]"}}
[debug] [2020-12-28T19:19:16.210Z] [runtime-status] [20481] Resolved module firebase-functions {"declared":true,"installed":true,"version":"3.13.0","resolution":"/home/hector/Amazon-ts-clone-lite/functions/node_modules/firebase-functions/lib/index.js"} {"metadata":{"emulator":{"name":"functions"},"message":"[runtime-status] [20481] Resolved module firebase-functions {\"declared\":true,\"installed\":true,\"version\":\"3.13.0\",\"resolution\":\"/home/hector/Amazon-ts-clone-lite/functions/node_modules/firebase-functions/lib/index.js\"}"}}
[debug] [2020-12-28T19:19:16.243Z] [runtime-status] [20481] Checked functions.config() {"config":{}} {"metadata":{"emulator":{"name":"functions"},"message":"[runtime-status] [20481] Checked functions.config() {\"config\":{}}"}}
[debug] [2020-12-28T19:19:16.243Z] [runtime-status] [20481] firebase-functions has been stubbed. {"functionsResolution":{"declared":true,"installed":true,"version":"3.13.0","resolution":"/home/hector/Amazon-ts-clone-lite/functions/node_modules/firebase-functions/lib/index.js"}} {"metadata":{"emulator":{"name":"functions"},"message":"[runtime-status] [20481] firebase-functions has been stubbed. {\"functionsResolution\":{\"declared\":true,\"installed\":true,\"version\":\"3.13.0\",\"resolution\":\"/home/hector/Amazon-ts-clone-lite/functions/node_modules/firebase-functions/lib/index.js\"}}"}}
[debug] [2020-12-28T19:19:16.244Z] [runtime-status] [20481] Resolved module firebase-functions {"declared":true,"installed":true,"version":"3.13.0","resolution":"/home/hector/Amazon-ts-clone-lite/functions/node_modules/firebase-functions/lib/index.js"} {"metadata":{"emulator":{"name":"functions"},"message":"[runtime-status] [20481] Resolved module firebase-functions {\"declared\":true,\"installed\":true,\"version\":\"3.13.0\",\"resolution\":\"/home/hector/Amazon-ts-clone-lite/functions/node_modules/firebase-functions/lib/index.js\"}"}}
[debug] [2020-12-28T19:19:16.245Z] [runtime-status] [20481] Resolved module firebase-admin {"declared":true,"installed":true,"version":"9.4.2","resolution":"/home/hector/Amazon-ts-clone-lite/functions/node_modules/firebase-admin/lib/index.js"} {"metadata":{"emulator":{"name":"functions"},"message":"[runtime-status] [20481] Resolved module firebase-admin {\"declared\":true,\"installed\":true,\"version\":\"9.4.2\",\"resolution\":\"/home/hector/Amazon-ts-clone-lite/functions/node_modules/firebase-admin/lib/index.js\"}"}}
[debug] [2020-12-28T19:19:16.245Z] [runtime-status] [20481] Resolved module firebase-functions {"declared":true,"installed":true,"version":"3.13.0","resolution":"/home/hector/Amazon-ts-clone-lite/functions/node_modules/firebase-functions/lib/index.js"} {"metadata":{"emulator":{"name":"functions"},"message":"[runtime-status] [20481] Resolved module firebase-functions {\"declared\":true,\"installed\":true,\"version\":\"3.13.0\",\"resolution\":\"/home/hector/Amazon-ts-clone-lite/functions/node_modules/firebase-functions/lib/index.js\"}"}}
[debug] [2020-12-28T19:19:16.245Z] [runtime-status] [20481] firebase-admin has been stubbed. {"adminResolution":{"declared":true,"installed":true,"version":"9.4.2","resolution":"/home/hector/Amazon-ts-clone-lite/functions/node_modules/firebase-admin/lib/index.js"}} {"metadata":{"emulator":{"name":"functions"},"message":"[runtime-status] [20481] firebase-admin has been stubbed. {\"adminResolution\":{\"declared\":true,\"installed\":true,\"version\":\"9.4.2\",\"resolution\":\"/home/hector/Amazon-ts-clone-lite/functions/node_modules/firebase-admin/lib/index.js\"}}"}}
[info] ✔  functions[api]: http function initialized (http://127.0.0.1:5001/clone-ts/us-central1/api). {"metadata":{"emulator":{"name":"functions"},"message":"\u001b[1mhttp\u001b[22m function initialized (http://127.0.0.1:5001/clone-ts/us-central1/api)."}}
[info] 
┌─────────────────────────────────────────────────────────────┐
│ ✔  All emulators ready! It is now safe to connect your app. │
│ i  View Emulator UI at http://127.0.0.1:4000                │
└─────────────────────────────────────────────────────────────┘

┌───────────┬────────────────┬─────────────────────────────────┐
│ Emulator  │ Host:Port      │ View in Emulator UI             │
├───────────┼────────────────┼─────────────────────────────────┤
│ Functions │ 127.0.0.1:5001 │ http://127.0.0.1:4000/functions │
├───────────┼────────────────┼─────────────────────────────────┤
│ Hosting   │ 127.0.0.1:5000 │ n/a                             │
└───────────┴────────────────┴─────────────────────────────────┘
  Emulator Hub running at 127.0.0.1:4400
  Other reserved ports: 4500

Issues? Report them at https://github.com/firebase/firebase-tools/issues and attach the *-debug.log files.
 
[debug] [2020-12-28T19:19:16.322Z] [worker-~diagnostic~-2265a6fb-d488-48e9-88c2-923be38783b8]: IDLE {"metadata":{"emulator":{"name":"functions"},"message":"[worker-~diagnostic~-2265a6fb-d488-48e9-88c2-923be38783b8]: IDLE"}}
[debug] [2020-12-28T19:19:44.730Z] [work-queue] {"queueLength":1,"workRunningCount":0}
[debug] [2020-12-28T19:19:44.730Z] [work-queue] {"queueLength":0,"workRunningCount":1}
[debug] [2020-12-28T19:19:44.731Z] Accepted request POST /clone-ts/us-central1/api/payments/create?total=5997 --> api
[debug] [2020-12-28T19:19:44.736Z] [worker-pool] addWorker(api) {"metadata":{"emulator":{"name":"functions"},"message":"[worker-pool] addWorker(api)"}}
[debug] [2020-12-28T19:19:44.736Z] [worker-pool] Adding worker with key api, total=1 {"metadata":{"emulator":{"name":"functions"},"message":"[worker-pool] Adding worker with key api, total=1"}}
[debug] [2020-12-28T19:19:44.737Z] [worker-pool] submitWork(triggerId=api) {"metadata":{"emulator":{"name":"functions"},"message":"[worker-pool] submitWork(triggerId=api)"}}
[debug] [2020-12-28T19:19:44.737Z] [worker-api-658a2707-5be8-40d4-b69b-b81edd442bc2]: Assigning socketPath: /tmp/fire_emu_20660.sock {"metadata":{"emulator":{"name":"functions"},"message":"[worker-api-658a2707-5be8-40d4-b69b-b81edd442bc2]: Assigning socketPath: /tmp/fire_emu_20660.sock"}}
[debug] [2020-12-28T19:19:44.737Z] [worker-api-658a2707-5be8-40d4-b69b-b81edd442bc2]: BUSY {"metadata":{"emulator":{"name":"functions"},"message":"[worker-api-658a2707-5be8-40d4-b69b-b81edd442bc2]: BUSY"}}
[debug] [2020-12-28T19:19:44.843Z] [runtime-status] [20660] Functions runtime initialized. {"cwd":"/home/hector/Amazon-ts-clone-lite/functions","node_version":"15.5.0"} {"metadata":{"emulator":{"name":"functions"},"function":{"name":"api"},"message":"[runtime-status] [20660] Functions runtime initialized. {\"cwd\":\"/home/hector/Amazon-ts-clone-lite/functions\",\"node_version\":\"15.5.0\"}"}}
[debug] [2020-12-28T19:19:44.844Z] [runtime-status] [20660] Disabled runtime features: undefined {"metadata":{"emulator":{"name":"functions"},"function":{"name":"api"},"message":"[runtime-status] [20660] Disabled runtime features: undefined"}}
[debug] [2020-12-28T19:19:44.845Z] [runtime-status] [20660] Resolved module firebase-admin {"declared":true,"installed":true,"version":"9.4.2","resolution":"/home/hector/Amazon-ts-clone-lite/functions/node_modules/firebase-admin/lib/index.js"} {"metadata":{"emulator":{"name":"functions"},"function":{"name":"api"},"message":"[runtime-status] [20660] Resolved module firebase-admin {\"declared\":true,\"installed\":true,\"version\":\"9.4.2\",\"resolution\":\"/home/hector/Amazon-ts-clone-lite/functions/node_modules/firebase-admin/lib/index.js\"}"}}
[debug] [2020-12-28T19:19:44.847Z] [runtime-status] [20660] Resolved module firebase-functions {"declared":true,"installed":true,"version":"3.13.0","resolution":"/home/hector/Amazon-ts-clone-lite/functions/node_modules/firebase-functions/lib/index.js"} {"metadata":{"emulator":{"name":"functions"},"function":{"name":"api"},"message":"[runtime-status] [20660] Resolved module firebase-functions {\"declared\":true,\"installed\":true,\"version\":\"3.13.0\",\"resolution\":\"/home/hector/Amazon-ts-clone-lite/functions/node_modules/firebase-functions/lib/index.js\"}"}}
[debug] [2020-12-28T19:19:44.847Z] [runtime-status] [20660] Resolved module firebase-functions {"declared":true,"installed":true,"version":"3.13.0","resolution":"/home/hector/Amazon-ts-clone-lite/functions/node_modules/firebase-functions/lib/index.js"} {"metadata":{"emulator":{"name":"functions"},"function":{"name":"api"},"message":"[runtime-status] [20660] Resolved module firebase-functions {\"declared\":true,\"installed\":true,\"version\":\"3.13.0\",\"resolution\":\"/home/hector/Amazon-ts-clone-lite/functions/node_modules/firebase-functions/lib/index.js\"}"}}
[debug] [2020-12-28T19:19:44.849Z] [runtime-status] [20660] Outgoing network have been stubbed. [{"name":"http","status":"mocked"},{"name":"http","status":"mocked"},{"name":"https","status":"mocked"},{"name":"https","status":"mocked"},{"name":"net","status":"mocked"}] {"metadata":{"emulator":{"name":"functions"},"function":{"name":"api"},"message":"[runtime-status] [20660] Outgoing network have been stubbed. [{\"name\":\"http\",\"status\":\"mocked\"},{\"name\":\"http\",\"status\":\"mocked\"},{\"name\":\"https\",\"status\":\"mocked\"},{\"name\":\"https\",\"status\":\"mocked\"},{\"name\":\"net\",\"status\":\"mocked\"}]"}}
[debug] [2020-12-28T19:19:44.849Z] [runtime-status] [20660] Resolved module firebase-functions {"declared":true,"installed":true,"version":"3.13.0","resolution":"/home/hector/Amazon-ts-clone-lite/functions/node_modules/firebase-functions/lib/index.js"} {"metadata":{"emulator":{"name":"functions"},"function":{"name":"api"},"message":"[runtime-status] [20660] Resolved module firebase-functions {\"declared\":true,\"installed\":true,\"version\":\"3.13.0\",\"resolution\":\"/home/hector/Amazon-ts-clone-lite/functions/node_modules/firebase-functions/lib/index.js\"}"}}
[debug] [2020-12-28T19:19:44.884Z] [runtime-status] [20660] Checked functions.config() {"config":{}} {"metadata":{"emulator":{"name":"functions"},"function":{"name":"api"},"message":"[runtime-status] [20660] Checked functions.config() {\"config\":{}}"}}
[debug] [2020-12-28T19:19:44.884Z] [runtime-status] [20660] firebase-functions has been stubbed. {"functionsResolution":{"declared":true,"installed":true,"version":"3.13.0","resolution":"/home/hector/Amazon-ts-clone-lite/functions/node_modules/firebase-functions/lib/index.js"}} {"metadata":{"emulator":{"name":"functions"},"function":{"name":"api"},"message":"[runtime-status] [20660] firebase-functions has been stubbed. {\"functionsResolution\":{\"declared\":true,\"installed\":true,\"version\":\"3.13.0\",\"resolution\":\"/home/hector/Amazon-ts-clone-lite/functions/node_modules/firebase-functions/lib/index.js\"}}"}}
[debug] [2020-12-28T19:19:44.885Z] [runtime-status] [20660] Resolved module firebase-functions {"declared":true,"installed":true,"version":"3.13.0","resolution":"/home/hector/Amazon-ts-clone-lite/functions/node_modules/firebase-functions/lib/index.js"} {"metadata":{"emulator":{"name":"functions"},"function":{"name":"api"},"message":"[runtime-status] [20660] Resolved module firebase-functions {\"declared\":true,\"installed\":true,\"version\":\"3.13.0\",\"resolution\":\"/home/hector/Amazon-ts-clone-lite/functions/node_modules/firebase-functions/lib/index.js\"}"}}
[debug] [2020-12-28T19:19:44.885Z] [runtime-status] [20660] Resolved module firebase-admin {"declared":true,"installed":true,"version":"9.4.2","resolution":"/home/hector/Amazon-ts-clone-lite/functions/node_modules/firebase-admin/lib/index.js"} {"metadata":{"emulator":{"name":"functions"},"function":{"name":"api"},"message":"[runtime-status] [20660] Resolved module firebase-admin {\"declared\":true,\"installed\":true,\"version\":\"9.4.2\",\"resolution\":\"/home/hector/Amazon-ts-clone-lite/functions/node_modules/firebase-admin/lib/index.js\"}"}}
[debug] [2020-12-28T19:19:44.886Z] [runtime-status] [20660] Resolved module firebase-functions {"declared":true,"installed":true,"version":"3.13.0","resolution":"/home/hector/Amazon-ts-clone-lite/functions/node_modules/firebase-functions/lib/index.js"} {"metadata":{"emulator":{"name":"functions"},"function":{"name":"api"},"message":"[runtime-status] [20660] Resolved module firebase-functions {\"declared\":true,\"installed\":true,\"version\":\"3.13.0\",\"resolution\":\"/home/hector/Amazon-ts-clone-lite/functions/node_modules/firebase-functions/lib/index.js\"}"}}
[debug] [2020-12-28T19:19:44.886Z] [runtime-status] [20660] firebase-admin has been stubbed. {"adminResolution":{"declared":true,"installed":true,"version":"9.4.2","resolution":"/home/hector/Amazon-ts-clone-lite/functions/node_modules/firebase-admin/lib/index.js"}} {"metadata":{"emulator":{"name":"functions"},"function":{"name":"api"},"message":"[runtime-status] [20660] firebase-admin has been stubbed. {\"adminResolution\":{\"declared\":true,\"installed\":true,\"version\":\"9.4.2\",\"resolution\":\"/home/hector/Amazon-ts-clone-lite/functions/node_modules/firebase-admin/lib/index.js\"}}"}}
[debug] [2020-12-28T19:19:44.965Z] [runtime-status] [20660] Trigger "api" has been found, beginning invocation! {"metadata":{"emulator":{"name":"functions"},"function":{"name":"api"},"message":"[runtime-status] [20660] Trigger \"api\" has been found, beginning invocation!"}}
[info] i  functions: Beginning execution of "api" {"metadata":{"emulator":{"name":"functions"},"function":{"name":"api"},"message":"Beginning execution of \"api\""}}
[debug] [2020-12-28T19:19:44.965Z] [runtime-status] [20660] triggerDefinition {"httpsTrigger":{},"name":"api","entryPoint":"api"} {"metadata":{"emulator":{"name":"functions"},"function":{"name":"api"},"message":"[runtime-status] [20660] triggerDefinition {\"httpsTrigger\":{},\"name\":\"api\",\"entryPoint\":\"api\"}"}}
[debug] [2020-12-28T19:19:44.966Z] [runtime-status] [20660] Running api in mode HTTPS {"metadata":{"emulator":{"name":"functions"},"function":{"name":"api"},"message":"[runtime-status] [20660] Running api in mode HTTPS"}}
[debug] [2020-12-28T19:19:44.969Z] [runtime-status] [20660] Attempting to listen to socketPath: /tmp/fire_emu_20660.sock {"metadata":{"emulator":{"name":"functions"},"function":{"name":"api"},"message":"[runtime-status] [20660] Attempting to listen to socketPath: /tmp/fire_emu_20660.sock"}}
[debug] [2020-12-28T19:19:44.971Z] [functions] Runtime ready! Sending request! {"metadata":{"emulator":{"name":"functions"},"message":"[functions] Runtime ready! Sending request!"}}
[debug] [2020-12-28T19:19:44.980Z] [runtime-status] [20660] Ephemeral server handling POST request {"metadata":{"emulator":{"name":"functions"},"function":{"name":"api"},"message":"[runtime-status] [20660] Ephemeral server handling POST request"}}
[info] >  Payment Request Recieved BOOM!!! for this amount >>>  5997 {"user":"Payment Request Recieved BOOM!!! for this amount >>>  5997","metadata":{"emulator":{"name":"functions"},"function":{"name":"api"},"message":"\u001b[90m> \u001b[39m Payment Request Recieved BOOM!!! for this amount >>>  5997"}}
[debug] [2020-12-28T19:19:44.989Z] [runtime-status] [20660] Ephemeral server survived. {"metadata":{"emulator":{"name":"functions"},"function":{"name":"api"},"message":"[runtime-status] [20660] Ephemeral server survived."}}
[info] i  functions: Finished "api" in ~1s {"metadata":{"emulator":{"name":"functions"},"function":{"name":"api"},"message":"Finished \"api\" in ~1s"}}
[debug] [2020-12-28T19:19:45.543Z] [worker-api-658a2707-5be8-40d4-b69b-b81edd442bc2]: IDLE {"metadata":{"emulator":{"name":"functions"},"message":"[worker-api-658a2707-5be8-40d4-b69b-b81edd442bc2]: IDLE"}}
[debug] [2020-12-28T19:19:45.543Z] [work-queue] {"queueLength":0,"workRunningCount":0}
[debug] [2020-12-28T19:21:31.418Z] [work-queue] {"queueLength":1,"workRunningCount":0}
[debug] [2020-12-28T19:21:31.418Z] [work-queue] {"queueLength":0,"workRunningCount":1}
[debug] [2020-12-28T19:21:31.418Z] Accepted request POST /clone-ts/us-central1/api/payments/create?total=5997 --> api
[debug] [2020-12-28T19:21:31.418Z] [worker-pool] submitWork(triggerId=api) {"metadata":{"emulator":{"name":"functions"},"message":"[worker-pool] submitWork(triggerId=api)"}}
[debug] [2020-12-28T19:21:31.418Z] [worker-api-658a2707-5be8-40d4-b69b-b81edd442bc2]: Assigning socketPath: /tmp/fire_emu_20660.sock {"metadata":{"emulator":{"name":"functions"},"message":"[worker-api-658a2707-5be8-40d4-b69b-b81edd442bc2]: Assigning socketPath: /tmp/fire_emu_20660.sock"}}
[debug] [2020-12-28T19:21:31.418Z] [worker-api-658a2707-5be8-40d4-b69b-b81edd442bc2]: BUSY {"metadata":{"emulator":{"name":"functions"},"message":"[worker-api-658a2707-5be8-40d4-b69b-b81edd442bc2]: BUSY"}}
[debug] [2020-12-28T19:21:31.421Z] [runtime-status] [20660] Trigger "api" has been found, beginning invocation! {"metadata":{"emulator":{"name":"functions"},"function":{"name":"api"},"message":"[runtime-status] [20660] Trigger \"api\" has been found, beginning invocation!"}}
[info] i  functions: Beginning execution of "api" {"metadata":{"emulator":{"name":"functions"},"function":{"name":"api"},"message":"Beginning execution of \"api\""}}
[debug] [2020-12-28T19:21:31.421Z] [runtime-status] [20660] triggerDefinition {"httpsTrigger":{},"name":"api","entryPoint":"api"} {"metadata":{"emulator":{"name":"functions"},"function":{"name":"api"},"message":"[runtime-status] [20660] triggerDefinition {\"httpsTrigger\":{},\"name\":\"api\",\"entryPoint\":\"api\"}"}}
[debug] [2020-12-28T19:21:31.421Z] [runtime-status] [20660] Running api in mode HTTPS {"metadata":{"emulator":{"name":"functions"},"function":{"name":"api"},"message":"[runtime-status] [20660] Running api in mode HTTPS"}}
[debug] [2020-12-28T19:21:31.421Z] [runtime-status] [20660] Attempting to listen to socketPath: /tmp/fire_emu_20660.sock {"metadata":{"emulator":{"name":"functions"},"function":{"name":"api"},"message":"[runtime-status] [20660] Attempting to listen to socketPath: /tmp/fire_emu_20660.sock"}}
[debug] [2020-12-28T19:21:31.422Z] [functions] Runtime ready! Sending request! {"metadata":{"emulator":{"name":"functions"},"message":"[functions] Runtime ready! Sending request!"}}
[debug] [2020-12-28T19:21:31.426Z] [runtime-status] [20660] Ephemeral server handling POST request {"metadata":{"emulator":{"name":"functions"},"function":{"name":"api"},"message":"[runtime-status] [20660] Ephemeral server handling POST request"}}
[info] >  Payment Request Recieved BOOM!!! for this amount >>>  5997 {"user":"Payment Request Recieved BOOM!!! for this amount >>>  5997","metadata":{"emulator":{"name":"functions"},"function":{"name":"api"},"message":"\u001b[90m> \u001b[39m Payment Request Recieved BOOM!!! for this amount >>>  5997"}}
[debug] [2020-12-28T19:21:31.431Z] [runtime-status] [20660] Ephemeral server survived. {"metadata":{"emulator":{"name":"functions"},"function":{"name":"api"},"message":"[runtime-status] [20660] Ephemeral server survived."}}
[info] i  functions: Finished "api" in ~1s {"metadata":{"emulator":{"name":"functions"},"function":{"name":"api"},"message":"Finished \"api\" in ~1s"}}
[debug] [2020-12-28T19:21:32.060Z] [worker-api-658a2707-5be8-40d4-b69b-b81edd442bc2]: IDLE {"metadata":{"emulator":{"name":"functions"},"message":"[worker-api-658a2707-5be8-40d4-b69b-b81edd442bc2]: IDLE"}}
[debug] [2020-12-28T19:21:32.060Z] [work-queue] {"queueLength":0,"workRunningCount":0}
[debug] [2020-12-28T19:22:18.416Z] [work-queue] {"queueLength":1,"workRunningCount":0}
[debug] [2020-12-28T19:22:18.417Z] [work-queue] {"queueLength":0,"workRunningCount":1}
[debug] [2020-12-28T19:22:18.417Z] Accepted request POST /clone-ts/us-central1/api/payments/create?total=5997 --> api
[debug] [2020-12-28T19:22:18.417Z] [worker-pool] submitWork(triggerId=api) {"metadata":{"emulator":{"name":"functions"},"message":"[worker-pool] submitWork(triggerId=api)"}}
[debug] [2020-12-28T19:22:18.417Z] [worker-api-658a2707-5be8-40d4-b69b-b81edd442bc2]: Assigning socketPath: /tmp/fire_emu_20660.sock {"metadata":{"emulator":{"name":"functions"},"message":"[worker-api-658a2707-5be8-40d4-b69b-b81edd442bc2]: Assigning socketPath: /tmp/fire_emu_20660.sock"}}
[debug] [2020-12-28T19:22:18.417Z] [worker-api-658a2707-5be8-40d4-b69b-b81edd442bc2]: BUSY {"metadata":{"emulator":{"name":"functions"},"message":"[worker-api-658a2707-5be8-40d4-b69b-b81edd442bc2]: BUSY"}}
[debug] [2020-12-28T19:22:18.418Z] [runtime-status] [20660] Trigger "api" has been found, beginning invocation! {"metadata":{"emulator":{"name":"functions"},"function":{"name":"api"},"message":"[runtime-status] [20660] Trigger \"api\" has been found, beginning invocation!"}}
[info] i  functions: Beginning execution of "api" {"metadata":{"emulator":{"name":"functions"},"function":{"name":"api"},"message":"Beginning execution of \"api\""}}
[debug] [2020-12-28T19:22:18.419Z] [runtime-status] [20660] triggerDefinition {"httpsTrigger":{},"name":"api","entryPoint":"api"} {"metadata":{"emulator":{"name":"functions"},"function":{"name":"api"},"message":"[runtime-status] [20660] triggerDefinition {\"httpsTrigger\":{},\"name\":\"api\",\"entryPoint\":\"api\"}"}}
[debug] [2020-12-28T19:22:18.419Z] [runtime-status] [20660] Running api in mode HTTPS {"metadata":{"emulator":{"name":"functions"},"function":{"name":"api"},"message":"[runtime-status] [20660] Running api in mode HTTPS"}}
[debug] [2020-12-28T19:22:18.419Z] [runtime-status] [20660] Attempting to listen to socketPath: /tmp/fire_emu_20660.sock {"metadata":{"emulator":{"name":"functions"},"function":{"name":"api"},"message":"[runtime-status] [20660] Attempting to listen to socketPath: /tmp/fire_emu_20660.sock"}}
[debug] [2020-12-28T19:22:18.420Z] [functions] Runtime ready! Sending request! {"metadata":{"emulator":{"name":"functions"},"message":"[functions] Runtime ready! Sending request!"}}
[debug] [2020-12-28T19:22:18.424Z] [runtime-status] [20660] Ephemeral server handling POST request {"metadata":{"emulator":{"name":"functions"},"function":{"name":"api"},"message":"[runtime-status] [20660] Ephemeral server handling POST request"}}
[info] >  Payment Request Recieved BOOM!!! for this amount >>>  5997 {"user":"Payment Request Recieved BOOM!!! for this amount >>>  5997","metadata":{"emulator":{"name":"functions"},"function":{"name":"api"},"message":"\u001b[90m> \u001b[39m Payment Request Recieved BOOM!!! for this amount >>>  5997"}}
[debug] [2020-12-28T19:22:18.426Z] [runtime-status] [20660] Ephemeral server survived. {"metadata":{"emulator":{"name":"functions"},"function":{"name":"api"},"message":"[runtime-status] [20660] Ephemeral server survived."}}
[info] i  functions: Finished "api" in ~1s {"metadata":{"emulator":{"name":"functions"},"function":{"name":"api"},"message":"Finished \"api\" in ~1s"}}
[debug] [2020-12-28T19:22:18.761Z] [worker-api-658a2707-5be8-40d4-b69b-b81edd442bc2]: IDLE {"metadata":{"emulator":{"name":"functions"},"message":"[worker-api-658a2707-5be8-40d4-b69b-b81edd442bc2]: IDLE"}}
[debug] [2020-12-28T19:22:18.761Z] [work-queue] {"queueLength":0,"workRunningCount":0}
[debug] [2020-12-28T19:25:03.325Z] [work-queue] {"queueLength":1,"workRunningCount":0}
[debug] [2020-12-28T19:25:03.325Z] [work-queue] {"queueLength":0,"workRunningCount":1}
[debug] [2020-12-28T19:25:03.325Z] Accepted request POST /clone-ts/us-central1/api/payments/create?total=7995 --> api
[debug] [2020-12-28T19:25:03.326Z] [worker-pool] submitWork(triggerId=api) {"metadata":{"emulator":{"name":"functions"},"message":"[worker-pool] submitWork(triggerId=api)"}}
[debug] [2020-12-28T19:25:03.326Z] [worker-api-658a2707-5be8-40d4-b69b-b81edd442bc2]: Assigning socketPath: /tmp/fire_emu_20660.sock {"metadata":{"emulator":{"name":"functions"},"message":"[worker-api-658a2707-5be8-40d4-b69b-b81edd442bc2]: Assigning socketPath: /tmp/fire_emu_20660.sock"}}
[debug] [2020-12-28T19:25:03.326Z] [worker-api-658a2707-5be8-40d4-b69b-b81edd442bc2]: BUSY {"metadata":{"emulator":{"name":"functions"},"message":"[worker-api-658a2707-5be8-40d4-b69b-b81edd442bc2]: BUSY"}}
[debug] [2020-12-28T19:25:03.327Z] [runtime-status] [20660] Trigger "api" has been found, beginning invocation! {"metadata":{"emulator":{"name":"functions"},"function":{"name":"api"},"message":"[runtime-status] [20660] Trigger \"api\" has been found, beginning invocation!"}}
[info] i  functions: Beginning execution of "api" {"metadata":{"emulator":{"name":"functions"},"function":{"name":"api"},"message":"Beginning execution of \"api\""}}
[debug] [2020-12-28T19:25:03.328Z] [runtime-status] [20660] triggerDefinition {"httpsTrigger":{},"name":"api","entryPoint":"api"} {"metadata":{"emulator":{"name":"functions"},"function":{"name":"api"},"message":"[runtime-status] [20660] triggerDefinition {\"httpsTrigger\":{},\"name\":\"api\",\"entryPoint\":\"api\"}"}}
[debug] [2020-12-28T19:25:03.328Z] [runtime-status] [20660] Running api in mode HTTPS {"metadata":{"emulator":{"name":"functions"},"function":{"name":"api"},"message":"[runtime-status] [20660] Running api in mode HTTPS"}}
[debug] [2020-12-28T19:25:03.328Z] [runtime-status] [20660] Attempting to listen to socketPath: /tmp/fire_emu_20660.sock {"metadata":{"emulator":{"name":"functions"},"function":{"name":"api"},"message":"[runtime-status] [20660] Attempting to listen to socketPath: /tmp/fire_emu_20660.sock"}}
[debug] [2020-12-28T19:25:03.329Z] [functions] Runtime ready! Sending request! {"metadata":{"emulator":{"name":"functions"},"message":"[functions] Runtime ready! Sending request!"}}
[debug] [2020-12-28T19:25:03.333Z] [runtime-status] [20660] Ephemeral server handling POST request {"metadata":{"emulator":{"name":"functions"},"function":{"name":"api"},"message":"[runtime-status] [20660] Ephemeral server handling POST request"}}
[info] >  Payment Request Recieved BOOM!!! for this amount >>>  7995 {"user":"Payment Request Recieved BOOM!!! for this amount >>>  7995","metadata":{"emulator":{"name":"functions"},"function":{"name":"api"},"message":"\u001b[90m> \u001b[39m Payment Request Recieved BOOM!!! for this amount >>>  7995"}}
[debug] [2020-12-28T19:25:03.334Z] [runtime-status] [20660] Ephemeral server survived. {"metadata":{"emulator":{"name":"functions"},"function":{"name":"api"},"message":"[runtime-status] [20660] Ephemeral server survived."}}
[info] i  functions: Finished "api" in ~1s {"metadata":{"emulator":{"name":"functions"},"function":{"name":"api"},"message":"Finished \"api\" in ~1s"}}
[debug] [2020-12-28T19:25:04.320Z] [worker-api-658a2707-5be8-40d4-b69b-b81edd442bc2]: IDLE {"metadata":{"emulator":{"name":"functions"},"message":"[worker-api-658a2707-5be8-40d4-b69b-b81edd442bc2]: IDLE"}}
[debug] [2020-12-28T19:25:04.320Z] [work-queue] {"queueLength":0,"workRunningCount":0}
